{"name": "test_add_01[dict_016]", "status": "failed", "statusDetails": {"message": "AssertionError: assert 15 == 11\n +  where 15 = Add(7, 8)", "trace": "self = <test_allure.TestAdd object at 0x0000027240695D00>, dict_01 = {'a': 7, 'b': 8, 'c': 11}\n\n    @pytest.mark.parametrize(\"dict_01\",list_01)\n    def test_add_01(self,dict_01):\n>       assert Add(dict_01[\"a\"],dict_01[\"b\"]) == dict_01[\"c\"]\nE       assert 15 == 11\nE        +  where 15 = Add(7, 8)\n\ntest_allure.py:13: AssertionError"}, "parameters": [{"name": "dict_01", "value": "{'a': 7, 'b': 8, 'c': 11}"}], "start": 1754290392131, "stop": 1754290392131, "uuid": "a51fbc1e-51d2-4562-90bc-2b308fd14478", "historyId": "4695912241a5bd94146830cb90fd80f8", "testCaseId": "221ffea020c290c4c3cfc2650813eaba", "fullName": "test_allure.TestAdd#test_add_01", "labels": [{"name": "suite", "value": "test_allure"}, {"name": "subSuite", "value": "TestAdd"}, {"name": "host", "value": "LAPTOP-BF0COATS"}, {"name": "thread", "value": "73584-MainThread"}, {"name": "framework", "value": "pytest"}, {"name": "language", "value": "cpython3"}, {"name": "package", "value": "test_allure"}], "titlePath": ["test_allure.py", "TestAdd"]}