{"name": "test_add_01[dict_015]", "status": "failed", "statusDetails": {"message": "AssertionError: assert 12 == 5\n +  where 12 = Add(4, 8)", "trace": "self = <test_allure.TestAdd object at 0x00000272406958C0>, dict_01 = {'a': 4, 'b': 8, 'c': 5}\n\n    @pytest.mark.parametrize(\"dict_01\",list_01)\n    def test_add_01(self,dict_01):\n>       assert Add(dict_01[\"a\"],dict_01[\"b\"]) == dict_01[\"c\"]\nE       assert 12 == 5\nE        +  where 12 = Add(4, 8)\n\ntest_allure.py:13: AssertionError"}, "parameters": [{"name": "dict_01", "value": "{'a': 4, 'b': 8, 'c': 5}"}], "start": 1754290392060, "stop": 1754290392060, "uuid": "bfd23116-bfc2-43ce-90a0-b7f05f3b78b0", "historyId": "bfb7dab410d2e99b4d179778ef2b51c3", "testCaseId": "221ffea020c290c4c3cfc2650813eaba", "fullName": "test_allure.TestAdd#test_add_01", "labels": [{"name": "suite", "value": "test_allure"}, {"name": "subSuite", "value": "TestAdd"}, {"name": "host", "value": "LAPTOP-BF0COATS"}, {"name": "thread", "value": "73584-MainThread"}, {"name": "framework", "value": "pytest"}, {"name": "language", "value": "cpython3"}, {"name": "package", "value": "test_allure"}], "titlePath": ["test_allure.py", "TestAdd"]}